<?xml version="1.0" encoding="UTF-8"?>
<!-- Generated by org.testng.reporters.JUnitReportReporter -->
<testsuite skipped="0" hostname="mindfire-PCn" name="scripts.DriverScript" tests="5" failures="0" timestamp="2020-12-13T21:26:21 IST" time="60.691" errors="0">
  <testcase name="NavigateToNDTV" time="40.801" classname="scripts.DriverScript"/>
  <system-out/>
  <testcase name="goToWeatherSectionPage" time="1.280" classname="scripts.DriverScript"/>
  <system-out/>
  <testcase name="getTemperatureOfCitiesFromUI" time="15.415" classname="scripts.DriverScript"/>
  <system-out/>
  <testcase name="TemperatureOfCitiesFromAPI" time="3.189" classname="scripts.DriverScript"/>
  <system-out/>
  <testcase name="compareTemperature" time="0.006" classname="scripts.DriverScript"/>
  <system-out/>
</testsuite> <!-- scripts.DriverScript -->
